0 info it worked if it ends with ok
1 verbose cli [ 'C:\\Program Files\\nodejs\\node.exe',
1 verbose cli   'C:\\Program Files\\nodejs\\node_modules\\npm\\bin\\npm-cli.js',
1 verbose cli   'install',
1 verbose cli   'static/react/package.json' ]
2 info using npm@3.10.10
3 info using node@v6.11.0
4 silly loadCurrentTree Starting
5 silly install loadCurrentTree
6 silly install readLocalPackageData
7 silly fetchPackageMetaData static/react/package.json
8 silly fetchOtherPackageData static/react/package.json
9 silly cache add args [ 'static/react/package.json', null ]
10 verbose cache add spec static/react/package.json
11 silly cache add parsed spec Result {
11 silly cache add   raw: 'static/react/package.json',
11 silly cache add   scope: null,
11 silly cache add   escapedName: null,
11 silly cache add   name: null,
11 silly cache add   rawSpec: 'static/react/package.json',
11 silly cache add   spec: 'D:\\madvisor-react\\mAdvisor-api\\static\\react\\package.json',
11 silly cache add   type: 'local' }
12 silly addLocalTarball shasum (computed) e904dcb7888dede31e58689e3ce7de188b55190e
13 verbose addTmpTarball D:\madvisor-react\mAdvisor-api\static\react\package.json not in flight; adding
14 verbose correctMkdir C:\Users\Gunjapalle.Pravallik\AppData\Roaming\npm-cache correctMkdir not in flight; initializing
15 verbose addTmpTarball validating metadata from D:\madvisor-react\mAdvisor-api\static\react\package.json
16 verbose tar unpack D:\madvisor-react\mAdvisor-api\static\react\package.json
17 verbose tar unpacking to C:\Users\GUNJAP~1.PRA\AppData\Local\Temp\npm-13684-f22f0caa\unpack-804daa50
18 silly gentlyRm C:\Users\GUNJAP~1.PRA\AppData\Local\Temp\npm-13684-f22f0caa\unpack-804daa50 is being purged
19 verbose gentlyRm don't care about contents; nuking C:\Users\GUNJAP~1.PRA\AppData\Local\Temp\npm-13684-f22f0caa\unpack-804daa50
20 silly gunzTarPerm modes [ '777', '666' ]
21 error not a package D:\madvisor-react\mAdvisor-api\static\react\package.json
22 error addLocal Could not install D:\madvisor-react\mAdvisor-api\static\react\package.json
23 silly fetchPackageMetaData Error: ENOENT: no such file or directory, open 'C:\Users\GUNJAP~1.PRA\AppData\Local\Temp\npm-13684-f22f0caa\unpack-804daa50\package.json'
23 silly fetchPackageMetaData     at Error (native)
23 silly fetchPackageMetaData  error for static/react/package.json { Error: ENOENT: no such file or directory, open 'C:\Users\GUNJAP~1.PRA\AppData\Local\Temp\npm-13684-f22f0caa\unpack-804daa50\package.json'
23 silly fetchPackageMetaData     at Error (native)
23 silly fetchPackageMetaData   errno: -4058,
23 silly fetchPackageMetaData   code: 'ENOENT',
23 silly fetchPackageMetaData   syscall: 'open',
23 silly fetchPackageMetaData   path: 'C:\\Users\\GUNJAP~1.PRA\\AppData\\Local\\Temp\\npm-13684-f22f0caa\\unpack-804daa50\\package.json' }
24 silly rollbackFailedOptional Starting
25 silly rollbackFailedOptional Finishing
26 silly runTopLevelLifecycles Finishing
27 silly install printInstalled
28 verbose stack Error: ENOENT: no such file or directory, open 'C:\Users\GUNJAP~1.PRA\AppData\Local\Temp\npm-13684-f22f0caa\unpack-804daa50\package.json'
28 verbose stack     at Error (native)
29 verbose cwd D:\madvisor-react\mAdvisor-api
30 error Windows_NT 10.0.15063
31 error argv "C:\\Program Files\\nodejs\\node.exe" "C:\\Program Files\\nodejs\\node_modules\\npm\\bin\\npm-cli.js" "install" "static/react/package.json"
32 error node v6.11.0
33 error npm  v3.10.10
34 error path C:\Users\GUNJAP~1.PRA\AppData\Local\Temp\npm-13684-f22f0caa\unpack-804daa50\package.json
35 error code ENOENT
36 error errno -4058
37 error syscall open
38 error enoent ENOENT: no such file or directory, open 'C:\Users\GUNJAP~1.PRA\AppData\Local\Temp\npm-13684-f22f0caa\unpack-804daa50\package.json'
39 error enoent ENOENT: no such file or directory, open 'C:\Users\GUNJAP~1.PRA\AppData\Local\Temp\npm-13684-f22f0caa\unpack-804daa50\package.json'
39 error enoent This is most likely not a problem with npm itself
39 error enoent and is related to npm not being able to find a file.
40 verbose exit [ -4058, true ]
